2026-07-23T23:24:06.388Z [WARN ] [detail] key not in API response RJ01390656 available: RJ01381081, RJ1381081, RJ01386776
2026-07-23T23:24:06.389Z [WARN ] [detail] key not in API response RJ01389985 available: RJ01381081, RJ1381081, RJ01386776
2026-07-23T23:24:06.389Z [WARN ] [detail] key not in API response RJ01389961 available: RJ01381081, RJ1381081, RJ01386776
2026-07-23T23:24:06.389Z [WARN ] [detail] key not in API response RJ01389472 available: RJ01381081, RJ1381081, RJ01386776
2026-07-23T23:24:06.390Z [WARN ] [detail] key not in API response RJ01386319 available: RJ01381081, RJ1381081, RJ01386776
2026-07-23T23:24:06.391Z [WARN ] [detail] key not in API response RJ01403020 available: RJ01381081, RJ1381081, RJ01386776
2026-07-23T23:24:06.391Z [WARN ] [detail] key not in API response RJ01402946 available: RJ01381081, RJ1381081, RJ01386776
2026-07-23T23:24:06.391Z [WARN ] [detail] key not in API response RJ01402894 available: RJ01381081, RJ1381081, RJ01386776
2026-07-23T23:24:06.392Z [WARN ] [detail] key not in API response RJ01402860 available: RJ01381081, RJ1381081, RJ01386776
2026-07-23T23:24:06.392Z [WARN ] [detail] key not in API response RJ01402715 available: RJ01381081, RJ1381081, RJ01386776
2026-07-23T23:24:06.392Z [WARN ] [detail] key not in API response RJ01402682 available: RJ01381081, RJ1381081, RJ01386776
2026-07-23T23:24:06.392Z [WARN ] [detail] key not in API response RJ01402074 available: RJ01381081, RJ1381081, RJ01386776
2026-07-23T23:24:06.393Z [WARN ] [detail] key not in API response RJ01401974 available: RJ01381081, RJ1381081, RJ01386776
2026-07-23T23:24:06.393Z [WARN ] [detail] key not in API response RJ01401941 available: RJ01381081, RJ1381081, RJ01386776
2026-07-23T23:24:06.394Z [WARN ] [detail] key not in API response RJ01401884 available: RJ01381081, RJ1381081, RJ01386776
2026-07-23T23:24:06.394Z [WARN ] [detail] key not in API response RJ01401873 available: RJ01381081, RJ1381081, RJ01386776
2026-07-23T23:24:06.395Z [WARN ] [detail] key not in API response RJ01401812 available: RJ01381081, RJ1381081, RJ01386776
2026-07-23T23:24:06.396Z [WARN ] [detail] key not in API response RJ01401794 available: RJ01381081, RJ1381081, RJ01386776
2026-07-23T23:24:06.397Z [WARN ] [detail] key not in API response RJ01401773 available: RJ01381081, RJ1381081, RJ01386776
2026-07-23T23:24:06.399Z [WARN ] [detail] key not in API response RJ01401734 available: RJ01381081, RJ1381081, RJ01386776
2026-07-23T23:24:06.399Z [WARN ] [detail] key not in API response RJ01401707 available: RJ01381081, RJ1381081, RJ01386776
2026-07-23T23:24:06.400Z [WARN ] [detail] key not in API response RJ01401702 available: RJ01381081, RJ1381081, RJ01386776
2026-07-23T23:24:06.401Z [WARN ] [detail] key not in API response RJ01401645 available: RJ01381081, RJ1381081, RJ01386776
2026-07-23T23:24:06.401Z [WARN ] [detail] key not in API response RJ01401562 available: RJ01381081, RJ1381081, RJ01386776
2026-07-23T23:24:07.347Z [WARN ] [detail] API returned partial data maniax got 18 / requested 50
2026-07-23T23:24:07.347Z [WARN ] [detail] key not in API response RJ01400362 available: RJ01398657, RJ1398657, RJ01398696
2026-07-23T23:24:07.348Z [WARN ] [detail] key not in API response RJ01312289 available: RJ01398657, RJ1398657, RJ01398696
2026-07-23T23:24:07.349Z [WARN ] [detail] key not in API response RJ01400561 available: RJ01398657, RJ1398657, RJ01398696
2026-07-23T23:24:07.349Z [WARN ] [detail] key not in API response RJ01401017 available: RJ01398657, RJ1398657, RJ01398696
2026-07-23T23:24:07.350Z [WARN ] [detail] key not in API response RJ01397908 available: RJ01398657, RJ1398657, RJ01398696
2026-07-23T23:24:07.350Z [WARN ] [detail] key not in API response RJ01337136 available: RJ01398657, RJ1398657, RJ01398696
2026-07-23T23:24:07.354Z [WARN ] [detail] key not in API response RJ01402579 available: RJ01398657, RJ1398657, RJ01398696
2026-07-23T23:24:07.355Z [WARN ] [detail] key not in API response RJ01402545 available: RJ01398657, RJ1398657, RJ01398696
2026-07-23T23:24:07.355Z [WARN ] [detail] key not in API response RJ01402488 available: RJ01398657, RJ1398657, RJ01398696
2026-07-23T23:24:07.356Z [WARN ] [detail] key not in API response RJ01402385 available: RJ01398657, RJ1398657, RJ01398696
2026-07-23T23:24:07.357Z [WARN ] [detail] key not in API response RJ01402126 available: RJ01398657, RJ1398657, RJ01398696
2026-07-23T23:24:07.358Z [WARN ] [detail] key not in API response RJ01401330 available: RJ01398657, RJ1398657, RJ01398696
2026-07-23T23:24:07.360Z [WARN ] [detail] key not in API response RJ01401318 available: RJ01398657, RJ1398657, RJ01398696
2026-07-23T23:24:07.361Z [WARN ] [detail] key not in API response RJ01401238 available: RJ01398657, RJ1398657, RJ01398696
2026-07-23T23:24:07.362Z [WARN ] [detail] key not in API response RJ01401223 available: RJ01398657, RJ1398657, RJ01398696
2026-07-23T23:24:07.362Z [WARN ] [detail] key not in API response RJ01401189 available: RJ01398657, RJ1398657, RJ01398696
2026-07-23T23:24:07.362Z [WARN ] [detail] key not in API response RJ01401174 available: RJ01398657, RJ1398657, RJ01398696
2026-07-23T23:24:07.363Z [WARN ] [detail] key not in API response RJ01401127 available: RJ01398657, RJ1398657, RJ01398696
2026-07-23T23:24:07.363Z [WARN ] [detail] key not in API response RJ01401125 available: RJ01398657, RJ1398657, RJ01398696
2026-07-23T23:24:07.364Z [WARN ] [detail] key not in API response RJ01401102 available: RJ01398657, RJ1398657, RJ01398696
2026-07-23T23:24:07.364Z [WARN ] [detail] key not in API response RJ01401086 available: RJ01398657, RJ1398657, RJ01398696
2026-07-23T23:24:07.365Z [WARN ] [detail] key not in API response RJ01400993 available: RJ01398657, RJ1398657, RJ01398696
2026-07-23T23:24:07.366Z [WARN ] [detail] key not in API response RJ01400619 available: RJ01398657, RJ1398657, RJ01398696
2026-07-23T23:24:07.367Z [WARN ] [detail] key not in API response RJ01400569 available: RJ01398657, RJ1398657, RJ01398696
2026-07-23T23:24:07.367Z [WARN ] [detail] key not in API response RJ01400565 available: RJ01398657, RJ1398657, RJ01398696
2026-07-23T23:24:07.368Z [WARN ] [detail] key not in API response RJ01400457 available: RJ01398657, RJ1398657, RJ01398696
2026-07-23T23:24:07.370Z [WARN ] [detail] key not in API response RJ01400276 available: RJ01398657, RJ1398657, RJ01398696
2026-07-23T23:24:07.371Z [WARN ] [detail] key not in API response RJ01400273 available: RJ01398657, RJ1398657, RJ01398696
2026-07-23T23:24:07.372Z [WARN ] [detail] key not in API response RJ01400270 available: RJ01398657, RJ1398657, RJ01398696
2026-07-23T23:24:07.374Z [WARN ] [detail] key not in API response RJ01400153 available: RJ01398657, RJ1398657, RJ01398696
2026-07-23T23:24:07.376Z [WARN ] [detail] key not in API response RJ01398882 available: RJ01398657, RJ1398657, RJ01398696
2026-07-23T23:24:07.378Z [WARN ] [detail] key not in API response RJ01398614 available: RJ01398657, RJ1398657, RJ01398696
2026-07-23T23:24:07.650Z [WARN ] [detail] key not in API response RJ01398317 available: RJ01392021, RJ1392021, RJ01395283
2026-07-23T23:24:07.651Z [WARN ] [detail] key not in API response RJ01397541 available: RJ01392021, RJ1392021, RJ01395283
2026-07-23T23:24:07.652Z [WARN ] [detail] key not in API response RJ01397484 available: RJ01392021, RJ1392021, RJ01395283
2026-07-23T23:24:07.652Z [WARN ] [detail] key not in API response RJ01397465 available: RJ01392021, RJ1392021, RJ01395283
2026-07-23T23:24:07.655Z [WARN ] [detail] key not in API response RJ01396123 available: RJ01392021, RJ1392021, RJ01395283
2026-07-23T23:24:07.655Z [WARN ] [detail] key not in API response RJ01395820 available: RJ01392021, RJ1392021, RJ01395283
2026-07-23T23:24:07.656Z [WARN ] [detail] key not in API response RJ01395808 available: RJ01392021, RJ1392021, RJ01395283
2026-07-23T23:24:07.656Z [WARN ] [detail] key not in API response RJ01394794 available: RJ01392021, RJ1392021, RJ01395283
2026-07-23T23:24:07.656Z [WARN ] [detail] key not in API response RJ01393344 available: RJ01392021, RJ1392021, RJ01395283
2026-07-23T23:24:07.661Z [WARN ] [detail] key not in API response RJ01400275 available: RJ01392021, RJ1392021, RJ01395283
2026-07-23T23:24:07.697Z [INFO ] [warmUp] site done {"url":"https://www.dlsite.com/girls/work/=/product_id/RJ01665049.html","clicked":false,"reason":"gate-absent(product)","navigatedAfterClick":false}
2026-07-23T23:24:07.700Z [INFO ] [warmUp] cookie check (girls) {"hasAgeCookie":true,"ageCookies":["adultchecked=1"],"allCookieNames":["_vwo_uuid_v2","_trust360_","_inflow_params","_inflow_ad_params","_gcl_au","_twpid","_fbp","_gaid","_im_vid","_tt_enable_cookie","_ttp","_unv_aid","recommend_device_id","__DLsite_SID","_vwo_uuid","_vwo_ds","_vis_opt_s","2026710_set_maniax","2026710_set_bl","2026710_set_home","adultchecked","2026717_summer_home","rtg_bfp","_gid","lamp_cookie_synced_flag","2026721_julycoupon_home","locale","_ga_sid","_gat","DL_PRODUCT_LOG","_dd_s","_inflow_dlsite_params","_ga","_ga_ZW5GTXK6EV","ttcsid","ttcsid_CKRMHGRC77U81CKC8HNG","ttcsid_CLVT5NRC77U95UC4O12G","ttcsid_CPLBGI3C77U3S3PJLFRG","ttcsid_CQ3QNNBC77U0CETNEGNG","ttcsid_D02V363C77U9GIBTNP9G","ttcsid_D0DFBO3C77U626LJDL6G"]}
2026-07-23T23:24:07.700Z [INFO ] [warmUp] age-gate results (per site) {"maniax":{"clicked":false,"reason":"gate-absent(product)","diag":{"title":"【20%OFF】【ステラソラ】ナズナASMR～ふたりっきりのおたのしみ～ [Yostar] | DLsite 同人 - R18","url":"https://www.dlsite.com/maniax/work/=/product_id/RJ01672851.html","bodyTextSample":" Select Language 日本語 English 简体中文 繁體中文 한국어 Español Deutsch Français Bahasa Indonesia Italiano Português Svenska ภาษาไทย Tiếng Việt Internet Explorerでは作品を購入することができません。 お使いのブラウザは非対応です。DLsiteをご利用いただくため、推奨ブラウザをご利用ください。 詳細はこちら 閉じる 同人誌・同人ゲーム・同人ボイス・ASMRならDLsite 日本語-JPY 関連サービス すべて すべて 同人 成年コミック 美少女ゲーム ","anchorTextsSample":["日本語","English","简体中文","繁體中文","한국어","Español","Deutsch","Français","Bahasa Indonesia","Italiano","Português","Svenska","ภาษาไทย","Tiếng Việt"],"clickedInfo":null},"gateAbsent":true,"targetUrl":"https://www.dlsite.com/maniax/work/=/product_id/RJ01405322.html","rjUsed":"RJ01405322","cookieObtained":true},"bl":{"clicked":false,"reason":"gate-absent(product)","diag":{"title":"【50%OFF】『終電まえの90分』～既婚パパが男性のマッサージ中に起きた秘め事とは?～ [こたろう] | DLsite がるまに","url":"https://www.dlsite.com/bl/work/=/product_id/RJ01671592.html/?locale=ja_JP","bodyTextSample":" Select Language 日本語 English 简体中文 繁體中文 한국어 Español Deutsch Français Bahasa Indonesia Italiano Português Svenska ภาษาไทย Tiếng Việt Internet Explorerでは作品を購入することができません。 お使いのブラウザは非対応です。DLsiteをご利用いただくため、推奨ブラウザをご利用ください。 詳細はこちら 閉じる ボーイズラブ(BL)同人・漫画・ゲーム・ボイスならDLsiteがるまに 日本語-JPY 関連サービス すべて すべて 乙女向け同人 TLコ","anchorTextsSample":["日本語","English","简体中文","繁體中文","한국어","Español","Deutsch","Français","Bahasa Indonesia","Italiano","Português","Svenska","ภาษาไทย","Tiếng Việt"],"clickedInfo":null},"gateAbsent":true,"targetUrl":"https://www.dlsite.com/bl/work/=/product_id/RJ01671592.html","rjUsed":"RJ01671592","cookieObtained":true},"girls":{"clicked":false,"reason":"gate-absent(product)","diag":{"title":"近所の隠れ家的お店で自分の時間を楽しんでいたら、遠隔でショーツの中を舐め回されたあげく更に遠隔でオマンコに指入れまでされ、最後はお店の中でバレないように… [壊れた地図] | DLsite がるまに","url":"https://www.dlsite.com/girls/work/=/product_id/RJ01665049.html/?locale=ja_JP","bodyTextSample":" Select Language 日本語 English 简体中文 繁體中文 한국어 Español Deutsch Français Bahasa Indonesia Italiano Português Svenska ภาษาไทย Tiếng Việt Internet Explorerでは作品を購入することができません。 お使いのブラウザは非対応です。DLsiteをご利用いただくため、推奨ブラウザをご利用ください。 詳細はこちら 閉じる 乙女向け(TL)漫画・シチュエーションボイス・ゲームはDLsiteがるまに 日本語-JPY 関連サービス すべて すべて 乙女向け同人 T","anchorTextsSample":["日本語","English","简体中文","繁體中文","한국어","Español","Deutsch","Français","Bahasa Indonesia","Italiano","Português","Svenska","ภาษาไทย","Tiếng Việt"],"clickedInfo":null},"gateAbsent":true,"targetUrl":"https://www.dlsite.com/girls/work/=/product_id/RJ01665049.html","rjUsed":"RJ01665049","cookieObtained":true}}
2026-07-23T23:24:07.712Z [INFO ] [scheduler] starting
2026-07-23T23:24:07.722Z [INFO ] [scheduler] discovery job scheduled 0 */6 * * *
2026-07-23T23:24:07.724Z [INFO ] [scheduler] detail job scheduled */10 * * * *
2026-07-23T23:24:07.724Z [INFO ] [scheduler] saleBoost job scheduled */10 * * * *
2026-07-23T23:24:07.725Z [INFO ] [scheduler] backup job scheduled (daily 03:00)
2026-07-23T23:24:07.726Z [INFO ] [scheduler] prevMonthScan job scheduled (monthly 2nd 04:00)
2026-07-23T23:24:07.727Z [INFO ] [scheduler] exportShards job scheduled (every 6h, :30)
2026-07-23T23:24:07.728Z [INFO ] [scheduler] sessionRewarm job scheduled (every 6h at :15)
2026-07-23T23:24:07.729Z [INFO ] [scheduler] comp_listing job scheduled (daily 05:00)
2026-07-23T23:24:07.730Z [INFO ] [scheduler] comp_detail job scheduled (every 2h at :20)
2026-07-23T23:24:07.731Z [INFO ] [scheduler] quarantineResample job scheduled (daily 03:40, 100件)
2026-07-23T23:24:07.731Z [INFO ] [scheduler] running initial passes on startup
2026-07-23T23:24:07.732Z [INFO ] [discovery] start — monthly FSR {"month":"2026-07-01","prevMonth":"(skip)"}
2026-07-23T23:24:07.804Z [WARN ] [detail] key not in API response RJ01401555 available: RJ003715, RJ3715, RJ003716
2026-07-23T23:24:07.804Z [WARN ] [detail] key not in API response RJ01401436 available: RJ003715, RJ3715, RJ003716
2026-07-23T23:24:07.804Z [WARN ] [detail] key not in API response RJ01401433 available: RJ003715, RJ3715, RJ003716
2026-07-23T23:24:07.804Z [WARN ] [detail] key not in API response RJ01401378 available: RJ003715, RJ3715, RJ003716
2026-07-23T23:24:07.805Z [WARN ] [detail] key not in API response RJ01401371 available: RJ003715, RJ3715, RJ003716
2026-07-23T23:24:07.806Z [WARN ] [detail] key not in API response RJ01391283 available: RJ003715, RJ3715, RJ003716
2026-07-23T23:24:07.806Z [WARN ] [detail] key not in API response RJ01390686 available: RJ003715, RJ3715, RJ003716
2026-07-23T23:24:07.807Z [WARN ] [detail] key not in API response RJ01388925 available: RJ003715, RJ3715, RJ003716
2026-07-23T23:24:07.807Z [WARN ] [detail] key not in API response RJ01402140 available: RJ003715, RJ3715, RJ003716
2026-07-23T23:24:08.463Z [INFO ] [discovery] monthly {"site":"maniax","date":"2026-07-01","page":1,"parsed":99,"newAdded":0}
2026-07-23T23:24:08.463Z [WARN ] [discovery] monthly: 疑わしい短ページ、次ページで確認します {"site":"maniax","date":"2026-07-01","page":1,"parsed":99}
2026-07-23T23:24:09.255Z [INFO ] [detail] due batch: 500 (total so far: 8000 ) concurrency=4
2026-07-23T23:24:09.790Z [INFO ] [discovery] monthly {"site":"maniax","date":"2026-07-01","page":2,"parsed":93,"newAdded":0}
2026-07-23T23:24:10.577Z [INFO ] [discovery] monthly {"site":"bl","date":"2026-07-01","page":1,"parsed":98,"newAdded":0}
2026-07-23T23:24:10.577Z [WARN ] [discovery] monthly: 疑わしい短ページ、次ページで確認します {"site":"bl","date":"2026-07-01","page":1,"parsed":98}
2026-07-23T23:24:11.931Z [INFO ] [discovery] monthly {"site":"bl","date":"2026-07-01","page":2,"parsed":97,"newAdded":0}
2026-07-23T23:24:11.934Z [WARN ] [detail] key not in API response RJ01400848 available: RJ004102, RJ4102, RJ004103
2026-07-23T23:24:11.935Z [WARN ] [detail] key not in API response RJ01400844 available: RJ004102, RJ4102, RJ004103
2026-07-23T23:24:11.935Z [WARN ] [detail] key not in API response RJ01400660 available: RJ004102, RJ4102, RJ004103
2026-07-23T23:24:11.935Z [WARN ] [detail] key not in API response RJ01400652 available: RJ004102, RJ4102, RJ004103
2026-07-23T23:24:11.935Z [WARN ] [detail] key not in API response RJ01400640 available: RJ004102, RJ4102, RJ004103
2026-07-23T23:24:11.935Z [WARN ] [detail] key not in API response RJ01400556 available: RJ004102, RJ4102, RJ004103
2026-07-23T23:24:11.936Z [WARN ] [detail] key not in API response RJ01400530 available: RJ004102, RJ4102, RJ004103
2026-07-23T23:24:11.937Z [WARN ] [detail] key not in API response RJ01400476 available: RJ004102, RJ4102, RJ004103
2026-07-23T23:24:11.937Z [WARN ] [detail] key not in API response RJ01400433 available: RJ004102, RJ4102, RJ004103
2026-07-23T23:24:11.937Z [WARN ] [detail] key not in API response RJ01400374 available: RJ004102, RJ4102, RJ004103
2026-07-23T23:24:11.939Z [WARN ] [detail] key not in API response RJ01400628 available: RJ004102, RJ4102, RJ004103
2026-07-23T23:24:12.743Z [INFO ] [discovery] monthly {"site":"girls","date":"2026-07-01","page":1,"parsed":98,"newAdded":0}
2026-07-23T23:24:12.743Z [WARN ] [discovery] monthly: 疑わしい短ページ、次ページで確認します {"site":"girls","date":"2026-07-01","page":1,"parsed":98}
2026-07-23T23:24:12.745Z [WARN ] [scheduler] initial detail run skipped (already running)
2026-07-23T23:24:12.755Z [INFO ] [detail] price changed {"rj":"RJ016478","price":1100,"sale_price":660,"point":null,"discount_rate":40,"is_on_sale":1,"is_point_only":0}
2026-07-23T23:24:12.760Z [WARN ] [detail] key not in API response RJ01385866 available: RJ004054, RJ4054, RJ004198
2026-07-23T23:24:12.760Z [WARN ] [detail] key not in API response RJ01385646 available: RJ004054, RJ4054, RJ004198
2026-07-23T23:24:12.761Z [WARN ] [detail] key not in API response RJ01377088 available: RJ004054, RJ4054, RJ004198
2026-07-23T23:24:12.762Z [WARN ] [detail] key not in API response RJ01394964 available: RJ004054, RJ4054, RJ004198
2026-07-23T23:24:12.763Z [WARN ] [detail] key not in API response RJ01393870 available: RJ004054, RJ4054, RJ004198
2026-07-23T23:24:12.763Z [WARN ] [detail] key not in API response RJ01391422 available: RJ004054, RJ4054, RJ004198
2026-07-23T23:24:12.763Z [WARN ] [detail] key not in API response RJ01391437 available: RJ004054, RJ4054, RJ004198
2026-07-23T23:24:12.764Z [WARN ] [detail] key not in API response RJ01387613 available: RJ004054, RJ4054, RJ004198
2026-07-23T23:24:12.764Z [WARN ] [detail] key not in API response RJ01392734 available: RJ004054, RJ4054, RJ004198
2026-07-23T23:24:12.764Z [WARN ] [detail] key not in API response RJ01387366 available: RJ004054, RJ4054, RJ004198
2026-07-23T23:24:12.764Z [WARN ] [detail] key not in API response RJ01384471 available: RJ004054, RJ4054, RJ004198
2026-07-23T23:24:12.765Z [WARN ] [detail] key not in API response RJ01383924 available: RJ004054, RJ4054, RJ004198
2026-07-23T23:24:12.765Z [WARN ] [detail] key not in API response RJ01378322 available: RJ004054, RJ4054, RJ004198
2026-07-23T23:24:12.767Z [WARN ] [detail] key not in API response RJ01402393 available: RJ004054, RJ4054, RJ004198
2026-07-23T23:24:12.767Z [WARN ] [detail] key not in API response RJ01402320 available: RJ004054, RJ4054, RJ004198
2026-07-23T23:24:12.767Z [WARN ] [detail] key not in API response RJ01402318 available: RJ004054, RJ4054, RJ004198
2026-07-23T23:24:12.769Z [WARN ] [detail] key not in API response RJ01400995 available: RJ004054, RJ4054, RJ004198
2026-07-23T23:24:12.770Z [WARN ] [detail] key not in API response RJ01400966 available: RJ004054, RJ4054, RJ004198
2026-07-23T23:24:12.770Z [WARN ] [detail] key not in API response RJ01400910 available: RJ004054, RJ4054, RJ004198
2026-07-23T23:24:12.771Z [WARN ] [detail] key not in API response RJ01400902 available: RJ004054, RJ4054, RJ004198
2026-07-23T23:24:12.771Z [WARN ] [detail] key not in API response RJ01400888 available: RJ004054, RJ4054, RJ004198
2026-07-23T23:24:12.771Z [WARN ] [detail] key not in API response RJ01400876 available: RJ004054, RJ4054, RJ004198
2026-07-23T23:24:12.772Z [WARN ] [detail] key not in API response RJ01400860 available: RJ004054, RJ4054, RJ004198
2026-07-23T23:24:12.818Z [INFO ] [detail] due batch: 500 (total so far: 8500 ) concurrency=4
2026-07-23T23:24:14.283Z [INFO ] [discovery] monthly {"site":"girls","date":"2026-07-01","page":2,"parsed":100,"newAdded":0}
2026-07-23T23:24:14.291Z [WARN ] [detail] API returned partial data maniax got 16 / requested 50
2026-07-23T23:24:14.292Z [WARN ] [detail] key not in API response RJ01393358 available: RJ01348926, RJ1348926, RJ01396573
2026-07-23T23:24:14.292Z [WARN ] [detail] key not in API response RJ01397158 available: RJ01348926, RJ1348926, RJ01396573
2026-07-23T23:24:14.293Z [WARN ] [detail] key not in API response RJ01365654 available: RJ01348926, RJ1348926, RJ01396573
2026-07-23T23:24:14.293Z [WARN ] [detail] key not in API response RJ01233104 available: RJ01348926, RJ1348926, RJ01396573
2026-07-23T23:24:14.293Z [WARN ] [detail] key not in API response RJ01393081 available: RJ01348926, RJ1348926, RJ01396573
2026-07-23T23:24:14.294Z [WARN ] [detail] key not in API response RJ01400303 available: RJ01348926, RJ1348926, RJ01396573
2026-07-23T23:24:14.295Z [WARN ] [detail] key not in API response RJ01400292 available: RJ01348926, RJ1348926, RJ01396573
2026-07-23T23:24:14.295Z [WARN ] [detail] key not in API response RJ01400223 available: RJ01348926, RJ1348926, RJ01396573
2026-07-23T23:24:14.295Z [WARN ] [detail] key not in API response RJ01399804 available: RJ01348926, RJ1348926, RJ01396573
2026-07-23T23:24:14.295Z [WARN ] [detail] key not in API response RJ01399768 available: RJ01348926, RJ1348926, RJ01396573
2026-07-23T23:24:14.295Z [WARN ] [detail] key not in API response RJ01399719 available: RJ01348926, RJ1348926, RJ01396573
2026-07-23T23:24:14.296Z [WARN ] [detail] key not in API response RJ01399714 available: RJ01348926, RJ1348926, RJ01396573
2026-07-23T23:24:14.296Z [WARN ] [detail] key not in API response RJ01399713 available: RJ01348926, RJ1348926, RJ01396573
2026-07-23T23:24:14.297Z [WARN ] [detail] key not in API response RJ01399710 available: RJ01348926, RJ1348926, RJ01396573
2026-07-23T23:24:14.297Z [WARN ] [detail] key not in API response RJ01399698 available: RJ01348926, RJ1348926, RJ01396573
2026-07-23T23:24:14.297Z [WARN ] [detail] key not in API response RJ01399687 available: RJ01348926, RJ1348926, RJ01396573
2026-07-23T23:24:14.298Z [WARN ] [detail] key not in API response RJ01399520 available: RJ01348926, RJ1348926, RJ01396573
2026-07-23T23:24:14.299Z [WARN ] [detail] key not in API response RJ01399226 available: RJ01348926, RJ1348926, RJ01396573
2026-07-23T23:24:14.300Z [WARN ] [detail] key not in API response RJ01398659 available: RJ01348926, RJ1348926, RJ01396573
2026-07-23T23:24:14.300Z [WARN ] [detail] key not in API response RJ01398612 available: RJ01348926, RJ1348926, RJ01396573
2026-07-23T23:24:14.300Z [WARN ] [detail] key not in API response RJ01398522 available: RJ01348926, RJ1348926, RJ01396573
2026-07-23T23:24:14.301Z [WARN ] [detail] key not in API response RJ01398091 available: RJ01348926, RJ1348926, RJ01396573
2026-07-23T23:24:14.303Z [WARN ] [detail] key not in API response RJ01397712 available: RJ01348926, RJ1348926, RJ01396573
2026-07-23T23:24:14.303Z [WARN ] [detail] key not in API response RJ01397288 available: RJ01348926, RJ1348926, RJ01396573
2026-07-23T23:24:14.304Z [WARN ] [detail] key not in API response RJ01397283 available: RJ01348926, RJ1348926, RJ01396573
2026-07-23T23:24:14.304Z [WARN ] [detail] key not in API response RJ01396929 available: RJ01348926, RJ1348926, RJ01396573
2026-07-23T23:24:14.305Z [WARN ] [detail] key not in API response RJ01396600 available: RJ01348926, RJ1348926, RJ01396573
2026-07-23T23:24:14.306Z [WARN ] [detail] key not in API response RJ01396169 available: RJ01348926, RJ1348926, RJ01396573
2026-07-23T23:24:14.306Z [WARN ] [detail] key not in API response RJ01396076 available: RJ01348926, RJ1348926, RJ01396573
2026-07-23T23:24:14.306Z [WARN ] [detail] key not in API response RJ01396001 available: RJ01348926, RJ1348926, RJ01396573
2026-07-23T23:24:14.307Z [WARN ] [detail] key not in API response RJ01395807 available: RJ01348926, RJ1348926, RJ01396573
2026-07-23T23:24:14.307Z [WARN ] [detail] key not in API response RJ01395778 available: RJ01348926, RJ1348926, RJ01396573
2026-07-23T23:24:14.307Z [WARN ] [detail] key not in API response RJ01395650 available: RJ01348926, RJ1348926, RJ01396573
2026-07-23T23:24:14.307Z [WARN ] [detail] key not in API response RJ01395354 available: RJ01348926, RJ1348926, RJ01396573
2026-07-23T23:24:14.313Z [WARN ] [detail] key not in API response RJ01401432 available: RJ01378510, RJ1378510, RJ01385595
2026-07-23T23:24:14.313Z [WARN ] [detail] key not in API response RJ01401384 available: RJ01378510, RJ1378510, RJ01385595
2026-07-23T23:24:14.313Z [WARN ] [detail] key not in API response RJ01401146 available: RJ01378510, RJ1378510, RJ01385595
2026-07-23T23:24:14.314Z [WARN ] [detail] key not in API response RJ01401117 available: RJ01378510, RJ1378510, RJ01385595
2026-07-23T23:24:14.314Z [WARN ] [detail] key not in API response RJ01373462 available: RJ01378510, RJ1378510, RJ01385595
2026-07-23T23:24:14.314Z [WARN ] [detail] key not in API response RJ01372057 available: RJ01378510, RJ1378510, RJ01385595
2026-07-23T23:24:14.316Z [WARN ] [detail] key not in API response RJ244110 available: RJ01378510, RJ1378510, RJ01385595
2026-07-23T23:24:14.317Z [WARN ] [detail] key not in API response RJ235351 available: RJ01378510, RJ1378510, RJ01385595
2026-07-23T23:24:14.321Z [WARN ] [detail] key not in API response RJ01399968 available: RJ01378510, RJ1378510, RJ01385595
2026-07-23T23:24:14.321Z [WARN ] [detail] key not in API response RJ01397040 available: RJ01378510, RJ1378510, RJ01385595
2026-07-23T23:24:14.427Z [WARN ] [detail] API returned partial data maniax got 10 / requested 50
2026-07-23T23:24:14.428Z [WARN ] [detail] key not in API response RJ01394852 available: RJ01357696, RJ1357696, RJ01389250
2026-07-23T23:24:14.429Z [WARN ] [detail] key not in API response RJ01394764 available: RJ01357696, RJ1357696, RJ01389250
2026-07-23T23:24:14.429Z [WARN ] [detail] key not in API response RJ01394690 available: RJ01357696, RJ1357696, RJ01389250
2026-07-23T23:24:14.430Z [WARN ] [detail] key not in API response RJ01394652 available: RJ01357696, RJ1357696, RJ01389250
2026-07-23T23:24:14.432Z [WARN ] [detail] key not in API response RJ01394601 available: RJ01357696, RJ1357696, RJ01389250
2026-07-23T23:24:14.433Z [WARN ] [detail] key not in API response RJ01393682 available: RJ01357696, RJ1357696, RJ01389250
2026-07-23T23:24:14.434Z [WARN ] [detail] key not in API response RJ01392814 available: RJ01357696, RJ1357696, RJ01389250
2026-07-23T23:24:14.435Z [WARN ] [detail] key not in API response RJ01392792 available: RJ01357696, RJ1357696, RJ01389250
2026-07-23T23:24:14.435Z [WARN ] [detail] key not in API response RJ01392524 available: RJ01357696, RJ1357696, RJ01389250
2026-07-23T23:24:14.436Z [WARN ] [detail] key not in API response RJ01392472 available: RJ01357696, RJ1357696, RJ01389250
2026-07-23T23:24:14.437Z [WARN ] [detail] key not in API response RJ01391775 available: RJ01357696, RJ1357696, RJ01389250
2026-07-23T23:24:14.438Z [WARN ] [detail] key not in API response RJ01390505 available: RJ01357696, RJ1357696, RJ01389250
2026-07-23T23:24:14.438Z [WARN ] [detail] key not in API response RJ01389566 available: RJ01357696, RJ1357696, RJ01389250
2026-07-23T23:24:14.438Z [WARN ] [detail] key not in API response RJ01389563 available: RJ01357696, RJ1357696, RJ01389250
2026-07-23T23:24:14.440Z [WARN ] [detail] key not in API response RJ01387992 available: RJ01357696, RJ1357696, RJ01389250
2026-07-23T23:24:14.441Z [WARN ] [detail] key not in API response RJ01386527 available: RJ01357696, RJ1357696, RJ01389250
2026-07-23T23:24:14.441Z [WARN ] [detail] key not in API response RJ01396467 available: RJ01357696, RJ1357696, RJ01389250
2026-07-23T23:24:14.441Z [WARN ] [detail] key not in API response RJ01399624 available: RJ01357696, RJ1357696, RJ01389250
2026-07-23T23:24:14.442Z [WARN ] [detail] key not in API response RJ01396144 available: RJ01357696, RJ1357696, RJ01389250
2026-07-23T23:24:14.442Z [WARN ] [detail] key not in API response RJ01385879 available: RJ01357696, RJ1357696, RJ01389250
2026-07-23T23:24:14.443Z [WARN ] [detail] key not in API response RJ01382714 available: RJ01357696, RJ1357696, RJ01389250
2026-07-23T23:24:14.443Z [WARN ] [detail] key not in API response RJ01375653 available: RJ01357696, RJ1357696, RJ01389250
2026-07-23T23:24:14.444Z [WARN ] [detail] key not in API response RJ01375157 available: RJ01357696, RJ1357696, RJ01389250
2026-07-23T23:24:14.445Z [WARN ] [detail] key not in API response RJ01341153 available: RJ01357696, RJ1357696, RJ01389250
2026-07-23T23:24:14.446Z [WARN ] [detail] key not in API response RJ01283565 available: RJ01357696, RJ1357696, RJ01389250
2026-07-23T23:24:14.447Z [WARN ] [detail] key not in API response RJ01401869 available: RJ01357696, RJ1357696, RJ01389250
2026-07-23T23:24:14.448Z [WARN ] [detail] key not in API response RJ01401743 available: RJ01357696, RJ1357696, RJ01389250
2026-07-23T23:24:14.450Z [WARN ] [detail] key not in API response RJ01401496 available: RJ01357696, RJ1357696, RJ01389250
2026-07-23T23:24:14.451Z [WARN ] [detail] key not in API response RJ01401362 available: RJ01357696, RJ1357696, RJ01389250
2026-07-23T23:24:14.451Z [WARN ] [detail] key not in API response RJ01401257 available: RJ01357696, RJ1357696, RJ01389250
2026-07-23T23:24:14.452Z [WARN ] [detail] key not in API response RJ01399756 available: RJ01357696, RJ1357696, RJ01389250
2026-07-23T23:24:14.452Z [WARN ] [detail] key not in API response RJ01399733 available: RJ01357696, RJ1357696, RJ01389250
2026-07-23T23:24:14.453Z [WARN ] [detail] key not in API response RJ01399629 available: RJ01357696, RJ1357696, RJ01389250
2026-07-23T23:24:14.453Z [WARN ] [detail] key not in API response RJ01399621 available: RJ01357696, RJ1357696, RJ01389250
2026-07-23T23:24:14.453Z [WARN ] [detail] key not in API response RJ01399608 available: RJ01357696, RJ1357696, RJ01389250
2026-07-23T23:24:14.454Z [WARN ] [detail] key not in API response RJ01399592 available: RJ01357696, RJ1357696, RJ01389250
2026-07-23T23:24:14.454Z [WARN ] [detail] key not in API response RJ01399585 available: RJ01357696, RJ1357696, RJ01389250
2026-07-23T23:24:14.456Z [WARN ] [detail] key not in API response RJ01399556 available: RJ01357696, RJ1357696, RJ01389250
2026-07-23T23:24:14.458Z [WARN ] [detail] key not in API response RJ01399442 available: RJ01357696, RJ1357696, RJ01389250
2026-07-23T23:24:14.459Z [WARN ] [detail] key not in API response RJ01390061 available: RJ01357696, RJ1357696, RJ01389250
2026-07-23T23:24:14.500Z [WARN ] [detail] key not in API response RJ01400191 available: RJ004213, RJ4213, RJ004214
2026-07-23T23:24:14.502Z [WARN ] [detail] key not in API response RJ01400190 available: RJ004213, RJ4213, RJ004214
2026-07-23T23:24:14.505Z [WARN ] [detail] key not in API response RJ01400134 available: RJ004213, RJ4213, RJ004214
2026-07-23T23:24:14.505Z [WARN ] [detail] key not in API response RJ01400133 available: RJ004213, RJ4213, RJ004214
2026-07-23T23:24:14.507Z [WARN ] [detail] key not in API response RJ01400102 available: RJ004213, RJ4213, RJ004214
2026-07-23T23:24:14.508Z [WARN ] [detail] key not in API response RJ01400094 available: RJ004213, RJ4213, RJ004214
2026-07-23T23:24:14.509Z [WARN ] [detail] key not in API response RJ01400070 available: RJ004213, RJ4213, RJ004214
2026-07-23T23:24:14.509Z [WARN ] [detail] key not in API response RJ01400059 available: RJ004213, RJ4213, RJ004214
2026-07-23T23:24:14.511Z [WARN ] [detail] key not in API response RJ01399983 available: RJ004213, RJ4213, RJ004214
2026-07-23T23:24:14.511Z [WARN ] [detail] key not in API response RJ01399976 available: RJ004213, RJ4213, RJ004214
2026-07-23T23:24:14.511Z [WARN ] [detail] key not in API response RJ01399832 available: RJ004213, RJ4213, RJ004214
2026-07-23T23:24:14.512Z [WARN ] [detail] key not in API response RJ01399809 available: RJ004213, RJ4213, RJ004214
2026-07-23T23:24:14.512Z [WARN ] [detail] key not in API response RJ01399801 available: RJ004213, RJ4213, RJ004214
2026-07-23T23:24:14.513Z [WARN ] [detail] key not in API response RJ01396273 available: RJ004213, RJ4213, RJ004214
2026-07-23T23:24:14.513Z [WARN ] [detail] key not in API response RJ01402031 available: RJ004213, RJ4213, RJ004214
2026-07-23T23:24:14.513Z [WARN ] [detail] key not in API response RJ01402015 available: RJ004213, RJ4213, RJ004214
2026-07-23T23:24:14.513Z [WARN ] [detail] key not in API response RJ01402006 available: RJ004213, RJ4213, RJ004214
2026-07-23T23:24:14.514Z [WARN ] [detail] key not in API response RJ01401894 available: RJ004213, RJ4213, RJ004214
2026-07-23T23:24:14.514Z [WARN ] [detail] key not in API response RJ01401879 available: RJ004213, RJ4213, RJ004214
2026-07-23T23:24:14.514Z [WARN ] [detail] key not in API response RJ01401636 available: RJ004213, RJ4213, RJ004214
2026-07-23T23:24:14.514Z [WARN ] [detail] key not in API response RJ01400688 available: RJ004213, RJ4213, RJ004214
2026-07-23T23:24:14.515Z [WARN ] [detail] key not in API response RJ01400573 available: RJ004213, RJ4213, RJ004214
2026-07-23T23:24:15.841Z [INFO ] [discovery] monthly {"site":"girls","date":"2026-07-01","page":3,"parsed":100,"newAdded":0}
2026-07-23T23:24:15.854Z [WARN ] [detail] key not in API response RJ01399982 available: RJ01244380, RJ1244380, RJ01350276
2026-07-23T23:24:15.855Z [WARN ] [detail] key not in API response RJ01399957 available: RJ01244380, RJ1244380, RJ01350276
2026-07-23T23:24:15.855Z [WARN ] [detail] key not in API response RJ01399907 available: RJ01244380, RJ1244380, RJ01350276
2026-07-23T23:24:15.855Z [WARN ] [detail] key not in API response RJ01399857 available: RJ01244380, RJ1244380, RJ01350276
2026-07-23T23:24:15.856Z [WARN ] [detail] key not in API response RJ01399811 available: RJ01244380, RJ1244380, RJ01350276
2026-07-23T23:24:16.451Z [INFO ] [detail] price changed {"rj":"RJ01386258","price":1100,"sale_price":null,"point":null,"discount_rate":null,"is_on_sale":1,"is_point_only":1}
2026-07-23T23:24:16.495Z [INFO ] [detail] due batch: 500 (total so far: 9000 ) concurrency=4
2026-07-23T23:24:17.642Z [INFO ] [discovery] monthly {"site":"girls","date":"2026-07-01","page":4,"parsed":102,"newAdded":0}
2026-07-23T23:24:17.709Z [WARN ] [detail] key not in API response RJ01385156 available: RJ01182383, RJ1182383, RJ01348145
2026-07-23T23:24:17.983Z [WARN ] [detail] key not in API response RJ01397301 available: RJ01376861, RJ1376861, RJ01381449
2026-07-23T23:24:24.347Z [INFO ] [detail] due batch: 500 (total so far: 9500 ) concurrency=4
2026-07-23T23:24:25.724Z [WARN ] [detail] API returned partial data maniax got 12 / requested 50
2026-07-23T23:24:25.725Z [WARN ] [detail] key not in API response RJ01398695 available: RJ01383169, RJ1383169, RJ01386545
2026-07-23T23:24:25.726Z [WARN ] [detail] key not in API response RJ01398671 available: RJ01383169, RJ1383169, RJ01386545
2026-07-23T23:24:25.727Z [WARN ] [detail] key not in API response RJ01396486 available: RJ01383169, RJ1383169, RJ01386545
2026-07-23T23:24:25.728Z [WARN ] [detail] key not in API response RJ01397338 available: RJ01383169, RJ1383169, RJ01386545
2026-07-23T23:24:25.729Z [WARN ] [detail] key not in API response RJ01399422 available: RJ01383169, RJ1383169, RJ01386545
2026-07-23T23:24:25.732Z [WARN ] [detail] key not in API response RJ01399356 available: RJ01383169, RJ1383169, RJ01386545
2026-07-23T23:24:25.732Z [WARN ] [detail] key not in API response RJ01399258 available: RJ01383169, RJ1383169, RJ01386545
2026-07-23T23:24:25.734Z [WARN ] [detail] key not in API response RJ01398640 available: RJ01383169, RJ1383169, RJ01386545
2026-07-23T23:24:25.734Z [WARN ] [detail] key not in API response RJ01398244 available: RJ01383169, RJ1383169, RJ01386545
2026-07-23T23:24:25.735Z [WARN ] [detail] key not in API response RJ01394784 available: RJ01383169, RJ1383169, RJ01386545
2026-07-23T23:24:25.737Z [WARN ] [detail] key not in API response RJ01386520 available: RJ01383169, RJ1383169, RJ01386545
2026-07-23T23:24:25.737Z [WARN ] [detail] key not in API response RJ01385980 available: RJ01383169, RJ1383169, RJ01386545
2026-07-23T23:24:25.738Z [WARN ] [detail] key not in API response RJ01401340 available: RJ01383169, RJ1383169, RJ01386545
2026-07-23T23:24:25.740Z [WARN ] [detail] key not in API response RJ01401043 available: RJ01383169, RJ1383169, RJ01386545
2026-07-23T23:24:25.741Z [WARN ] [detail] key not in API response RJ01400963 available: RJ01383169, RJ1383169, RJ01386545
2026-07-23T23:24:25.741Z [WARN ] [detail] key not in API response RJ01400949 available: RJ01383169, RJ1383169, RJ01386545
2026-07-23T23:24:25.742Z [WARN ] [detail] key not in API response RJ01400919 available: RJ01383169, RJ1383169, RJ01386545
2026-07-23T23:24:25.745Z [WARN ] [detail] key not in API response RJ01399653 available: RJ01383169, RJ1383169, RJ01386545
2026-07-23T23:24:25.745Z [WARN ] [detail] key not in API response RJ01399423 available: RJ01383169, RJ1383169, RJ01386545
2026-07-23T23:24:25.746Z [WARN ] [detail] key not in API response RJ01399418 available: RJ01383169, RJ1383169, RJ01386545
2026-07-23T23:24:25.747Z [WARN ] [detail] key not in API response RJ01399415 available: RJ01383169, RJ1383169, RJ01386545
2026-07-23T23:24:25.748Z [WARN ] [detail] key not in API response RJ01399414 available: RJ01383169, RJ1383169, RJ01386545
2026-07-23T23:24:25.749Z [WARN ] [detail] key not in API response RJ01399353 available: RJ01383169, RJ1383169, RJ01386545
2026-07-23T23:24:25.750Z [WARN ] [detail] key not in API response RJ01396268 available: RJ01383169, RJ1383169, RJ01386545
2026-07-23T23:24:25.753Z [WARN ] [detail] key not in API response RJ01395631 available: RJ01383169, RJ1383169, RJ01386545
2026-07-23T23:24:25.755Z [WARN ] [detail] key not in API response RJ01394832 available: RJ01383169, RJ1383169, RJ01386545
2026-07-23T23:24:25.756Z [WARN ] [detail] key not in API response RJ01394029 available: RJ01383169, RJ1383169, RJ01386545
2026-07-23T23:24:25.757Z [WARN ] [detail] key not in API response RJ01393933 available: RJ01383169, RJ1383169, RJ01386545
2026-07-23T23:24:25.758Z [WARN ] [detail] key not in API response RJ01392934 available: RJ01383169, RJ1383169, RJ01386545
2026-07-23T23:24:25.758Z [WARN ] [detail] key not in API response RJ01395472 available: RJ01383169, RJ1383169, RJ01386545
2026-07-23T23:24:25.759Z [WARN ] [detail] key not in API response RJ01392704 available: RJ01383169, RJ1383169, RJ01386545
2026-07-23T23:24:25.759Z [WARN ] [detail] key not in API response RJ01392322 available: RJ01383169, RJ1383169, RJ01386545
2026-07-23T23:24:25.760Z [WARN ] [detail] key not in API response RJ01389683 available: RJ01383169, RJ1383169, RJ01386545
2026-07-23T23:24:25.761Z [WARN ] [detail] key not in API response RJ01389128 available: RJ01383169, RJ1383169, RJ01386545
2026-07-23T23:24:25.764Z [WARN ] [detail] key not in API response RJ01384235 available: RJ01383169, RJ1383169, RJ01386545
2026-07-23T23:24:25.766Z [WARN ] [detail] key not in API response RJ01381630 available: RJ01383169, RJ1383169, RJ01386545
2026-07-23T23:24:25.767Z [WARN ] [detail] key not in API response RJ01378977 available: RJ01383169, RJ1383169, RJ01386545
2026-07-23T23:24:25.767Z [WARN ] [detail] key not in API response RJ01364140 available: RJ01383169, RJ1383169, RJ01386545
2026-07-23T23:24:26.320Z [WARN ] [detail] API returned partial data maniax got 15 / requested 50
2026-07-23T23:24:26.322Z [WARN ] [detail] key not in API response RJ01398993 available: RJ01357476, RJ1357476, RJ01358762
2026-07-23T23:24:26.326Z [WARN ] [detail] key not in API response RJ01397604 available: RJ01357476, RJ1357476, RJ01358762
2026-07-23T23:24:26.326Z [WARN ] [detail] key not in API response RJ01394549 available: RJ01357476, RJ1357476, RJ01358762
2026-07-23T23:24:26.329Z [WARN ] [detail] key not in API response RJ01400111 available: RJ01357476, RJ1357476, RJ01358762
2026-07-23T23:24:26.329Z [WARN ] [detail] key not in API response RJ01400012 available: RJ01357476, RJ1357476, RJ01358762
2026-07-23T23:24:26.330Z [WARN ] [detail] key not in API response RJ01399973 available: RJ01357476, RJ1357476, RJ01358762
2026-07-23T23:24:26.330Z [WARN ] [detail] key not in API response RJ01399758 available: RJ01357476, RJ1357476, RJ01358762
2026-07-23T23:24:26.331Z [WARN ] [detail] key not in API response RJ01399664 available: RJ01357476, RJ1357476, RJ01358762
2026-07-23T23:24:26.331Z [WARN ] [detail] key not in API response RJ01399658 available: RJ01357476, RJ1357476, RJ01358762
2026-07-23T23:24:26.331Z [WARN ] [detail] key not in API response RJ01399538 available: RJ01357476, RJ1357476, RJ01358762
2026-07-23T23:24:26.332Z [WARN ] [detail] key not in API response RJ01399010 available: RJ01357476, RJ1357476, RJ01358762
2026-07-23T23:24:26.332Z [WARN ] [detail] key not in API response RJ01398958 available: RJ01357476, RJ1357476, RJ01358762
2026-07-23T23:24:26.332Z [WARN ] [detail] key not in API response RJ01398750 available: RJ01357476, RJ1357476, RJ01358762
2026-07-23T23:24:26.333Z [WARN ] [detail] key not in API response RJ01398745 available: RJ01357476, RJ1357476, RJ01358762
2026-07-23T23:24:26.333Z [WARN ] [detail] key not in API response RJ01398720 available: RJ01357476, RJ1357476, RJ01358762
2026-07-23T23:24:26.333Z [WARN ] [detail] key not in API response RJ01398708 available: RJ01357476, RJ1357476, RJ01358762
2026-07-23T23:24:26.334Z [WARN ] [detail] key not in API response RJ01398643 available: RJ01357476, RJ1357476, RJ01358762
2026-07-23T23:24:26.334Z [WARN ] [detail] key not in API response RJ01393745 available: RJ01357476, RJ1357476, RJ01358762
2026-07-23T23:24:26.335Z [WARN ] [detail] key not in API response RJ01383932 available: RJ01357476, RJ1357476, RJ01358762
2026-07-23T23:24:26.336Z [WARN ] [detail] key not in API response RJ01378145 available: RJ01357476, RJ1357476, RJ01358762
2026-07-23T23:24:26.337Z [WARN ] [detail] key not in API response RJ01393400 available: RJ01357476, RJ1357476, RJ01358762
2026-07-23T23:24:26.337Z [WARN ] [detail] key not in API response RJ01377368 available: RJ01357476, RJ1357476, RJ01358762
2026-07-23T23:24:26.338Z [WARN ] [detail] key not in API response RJ01398603 available: RJ01357476, RJ1357476, RJ01358762
2026-07-23T23:24:26.338Z [WARN ] [detail] key not in API response RJ01398597 available: RJ01357476, RJ1357476, RJ01358762
2026-07-23T23:24:26.341Z [WARN ] [detail] key not in API response RJ01398536 available: RJ01357476, RJ1357476, RJ01358762
2026-07-23T23:24:26.341Z [WARN ] [detail] key not in API response RJ01398327 available: RJ01357476, RJ1357476, RJ01358762
2026-07-23T23:24:26.341Z [WARN ] [detail] key not in API response RJ01398159 available: RJ01357476, RJ1357476, RJ01358762
2026-07-23T23:24:26.342Z [WARN ] [detail] key not in API response RJ01397928 available: RJ01357476, RJ1357476, RJ01358762
2026-07-23T23:24:26.342Z [WARN ] [detail] key not in API response RJ01397282 available: RJ01357476, RJ1357476, RJ01358762
2026-07-23T23:24:26.342Z [WARN ] [detail] key not in API response RJ01397226 available: RJ01357476, RJ1357476, RJ01358762
2026-07-23T23:24:26.343Z [WARN ] [detail] key not in API response RJ01396291 available: RJ01357476, RJ1357476, RJ01358762
2026-07-23T23:24:26.343Z [WARN ] [detail] key not in API response RJ01395478 available: RJ01357476, RJ1357476, RJ01358762
2026-07-23T23:24:26.343Z [WARN ] [detail] key not in API response RJ01391732 available: RJ01357476, RJ1357476, RJ01358762
2026-07-23T23:24:26.344Z [WARN ] [detail] key not in API response RJ01382276 available: RJ01357476, RJ1357476, RJ01358762
2026-07-23T23:24:26.344Z [WARN ] [detail] key not in API response RJ01370669 available: RJ01357476, RJ1357476, RJ01358762
2026-07-23T23:24:26.430Z [WARN ] [detail] API returned partial data maniax got 10 / requested 50
2026-07-23T23:24:26.430Z [WARN ] [detail] key not in API response RJ01362478 available: RJ01355321, RJ1355321, RJ01394830
2026-07-23T23:24:26.432Z [WARN ] [detail] key not in API response RJ01390220 available: RJ01355321, RJ1355321, RJ01394830
2026-07-23T23:24:26.433Z [WARN ] [detail] key not in API response RJ01398988 available: RJ01355321, RJ1355321, RJ01394830
2026-07-23T23:24:26.434Z [WARN ] [detail] key not in API response RJ01400357 available: RJ01355321, RJ1355321, RJ01394830
2026-07-23T23:24:26.434Z [WARN ] [detail] key not in API response RJ01400145 available: RJ01355321, RJ1355321, RJ01394830
2026-07-23T23:24:26.435Z [WARN ] [detail] key not in API response RJ01399385 available: RJ01355321, RJ1355321, RJ01394830
2026-07-23T23:24:26.435Z [WARN ] [detail] key not in API response RJ01399377 available: RJ01355321, RJ1355321, RJ01394830
2026-07-23T23:24:26.435Z [WARN ] [detail] key not in API response RJ01399376 available: RJ01355321, RJ1355321, RJ01394830
2026-07-23T23:24:26.436Z [WARN ] [detail] key not in API response RJ01399373 available: RJ01355321, RJ1355321, RJ01394830
2026-07-23T23:24:26.438Z [WARN ] [detail] key not in API response RJ01399297 available: RJ01355321, RJ1355321, RJ01394830
2026-07-23T23:24:26.439Z [WARN ] [detail] key not in API response RJ01399277 available: RJ01355321, RJ1355321, RJ01394830
2026-07-23T23:24:26.439Z [WARN ] [detail] key not in API response RJ01399248 available: RJ01355321, RJ1355321, RJ01394830
2026-07-23T23:24:26.441Z [WARN ] [detail] key not in API response RJ01399215 available: RJ01355321, RJ1355321, RJ01394830
2026-07-23T23:24:26.441Z [WARN ] [detail] key not in API response RJ01399161 available: RJ01355321, RJ1355321, RJ01394830
2026-07-23T23:24:26.441Z [WARN ] [detail] key not in API response RJ01399142 available: RJ01355321, RJ1355321, RJ01394830
2026-07-23T23:24:26.442Z [WARN ] [detail] key not in API response RJ01399128 available: RJ01355321, RJ1355321, RJ01394830
2026-07-23T23:24:26.442Z [WARN ] [detail] key not in API response RJ01399055 available: RJ01355321, RJ1355321, RJ01394830
2026-07-23T23:24:26.443Z [WARN ] [detail] key not in API response RJ01398768 available: RJ01355321, RJ1355321, RJ01394830
2026-07-23T23:24:26.443Z [WARN ] [detail] key not in API response RJ01398602 available: RJ01355321, RJ1355321, RJ01394830
2026-07-23T23:24:26.443Z [WARN ] [detail] key not in API response RJ01398035 available: RJ01355321, RJ1355321, RJ01394830
2026-07-23T23:24:26.444Z [WARN ] [detail] key not in API response RJ01397627 available: RJ01355321, RJ1355321, RJ01394830
2026-07-23T23:24:26.444Z [WARN ] [detail] key not in API response RJ01397377 available: RJ01355321, RJ1355321, RJ01394830
2026-07-23T23:24:26.445Z [WARN ] [detail] key not in API response RJ01397015 available: RJ01355321, RJ1355321, RJ01394830
2026-07-23T23:24:26.445Z [WARN ] [detail] key not in API response RJ01396342 available: RJ01355321, RJ1355321, RJ01394830
2026-07-23T23:24:26.445Z [WARN ] [detail] key not in API response RJ01396165 available: RJ01355321, RJ1355321, RJ01394830
2026-07-23T23:24:26.446Z [WARN ] [detail] key not in API response RJ01396063 available: RJ01355321, RJ1355321, RJ01394830
2026-07-23T23:24:26.446Z [WARN ] [detail] key not in API response RJ01396054 available: RJ01355321, RJ1355321, RJ01394830
2026-07-23T23:24:26.446Z [WARN ] [detail] key not in API response RJ01394922 available: RJ01355321, RJ1355321, RJ01394830
2026-07-23T23:24:26.448Z [WARN ] [detail] key not in API response RJ01394650 available: RJ01355321, RJ1355321, RJ01394830
2026-07-23T23:24:26.448Z [WARN ] [detail] key not in API response RJ01394603 available: RJ01355321, RJ1355321, RJ01394830
2026-07-23T23:24:26.448Z [WARN ] [detail] key not in API response RJ01388258 available: RJ01355321, RJ1355321, RJ01394830
2026-07-23T23:24:26.449Z [WARN ] [detail] key not in API response RJ01380590 available: RJ01355321, RJ1355321, RJ01394830
2026-07-23T23:24:26.449Z [WARN ] [detail] key not in API response RJ01376447 available: RJ01355321, RJ1355321, RJ01394830
2026-07-23T23:24:26.449Z [WARN ] [detail] key not in API response RJ01325581 available: RJ01355321, RJ1355321, RJ01394830
2026-07-23T23:24:26.450Z [WARN ] [detail] key not in API response RJ01325509 available: RJ01355321, RJ1355321, RJ01394830
2026-07-23T23:24:26.450Z [WARN ] [detail] key not in API response RJ01283564 available: RJ01355321, RJ1355321, RJ01394830
2026-07-23T23:24:26.452Z [WARN ] [detail] key not in API response RJ01400381 available: RJ01355321, RJ1355321, RJ01394830
2026-07-23T23:24:26.452Z [WARN ] [detail] key not in API response RJ01400285 available: RJ01355321, RJ1355321, RJ01394830
2026-07-23T23:24:26.454Z [WARN ] [detail] key not in API response RJ01400170 available: RJ01355321, RJ1355321, RJ01394830
2026-07-23T23:24:26.454Z [WARN ] [detail] key not in API response RJ01400138 available: RJ01355321, RJ1355321, RJ01394830
2026-07-23T23:24:26.518Z [WARN ] [detail] API returned partial data maniax got 12 / requested 50
2026-07-23T23:24:26.519Z [WARN ] [detail] key not in API response RJ01393420 available: RJ01381546, RJ1381546, RJ01385348
2026-07-23T23:24:26.520Z [WARN ] [detail] key not in API response RJ01393415 available: RJ01381546, RJ1381546, RJ01385348
2026-07-23T23:24:26.520Z [WARN ] [detail] key not in API response RJ01393428 available: RJ01381546, RJ1381546, RJ01385348
2026-07-23T23:24:26.520Z [WARN ] [detail] key not in API response RJ01392861 available: RJ01381546, RJ1381546, RJ01385348
2026-07-23T23:24:26.520Z [WARN ] [detail] key not in API response RJ01392639 available: RJ01381546, RJ1381546, RJ01385348
2026-07-23T23:24:26.521Z [WARN ] [detail] key not in API response RJ01389464 available: RJ01381546, RJ1381546, RJ01385348
2026-07-23T23:24:26.521Z [WARN ] [detail] key not in API response RJ01389278 available: RJ01381546, RJ1381546, RJ01385348
2026-07-23T23:24:26.521Z [WARN ] [detail] key not in API response RJ01388621 available: RJ01381546, RJ1381546, RJ01385348
2026-07-23T23:24:26.522Z [WARN ] [detail] key not in API response RJ01392642 available: RJ01381546, RJ1381546, RJ01385348
2026-07-23T23:24:26.523Z [WARN ] [detail] key not in API response RJ01386988 available: RJ01381546, RJ1381546, RJ01385348
2026-07-23T23:24:26.524Z [WARN ] [detail] key not in API response RJ01383626 available: RJ01381546, RJ1381546, RJ01385348
2026-07-23T23:24:26.524Z [WARN ] [detail] key not in API response RJ01382565 available: RJ01381546, RJ1381546, RJ01385348
2026-07-23T23:24:26.525Z [WARN ] [detail] key not in API response RJ01367925 available: RJ01381546, RJ1381546, RJ01385348
2026-07-23T23:24:26.526Z [WARN ] [detail] key not in API response RJ01367482 available: RJ01381546, RJ1381546, RJ01385348
2026-07-23T23:24:26.526Z [WARN ] [detail] key not in API response RJ01356764 available: RJ01381546, RJ1381546, RJ01385348
2026-07-23T23:24:26.527Z [WARN ] [detail] key not in API response RJ01327086 available: RJ01381546, RJ1381546, RJ01385348
2026-07-23T23:24:26.527Z [WARN ] [detail] key not in API response RJ01399734 available: RJ01381546, RJ1381546, RJ01385348
2026-07-23T23:24:26.527Z [WARN ] [detail] key not in API response RJ01399672 available: RJ01381546, RJ1381546, RJ01385348
2026-07-23T23:24:26.528Z [WARN ] [detail] key not in API response RJ01399656 available: RJ01381546, RJ1381546, RJ01385348
2026-07-23T23:24:26.528Z [WARN ] [detail] key not in API response RJ01399643 available: RJ01381546, RJ1381546, RJ01385348
2026-07-23T23:24:26.528Z [WARN ] [detail] key not in API response RJ01399642 available: RJ01381546, RJ1381546, RJ01385348
2026-07-23T23:24:26.529Z [WARN ] [detail] key not in API response RJ01399450 available: RJ01381546, RJ1381546, RJ01385348
2026-07-23T23:24:26.529Z [WARN ] [detail] key not in API response RJ01398971 available: RJ01381546, RJ1381546, RJ01385348
2026-07-23T23:24:26.529Z [WARN ] [detail] key not in API response RJ01398932 available: RJ01381546, RJ1381546, RJ01385348
2026-07-23T23:24:26.530Z [WARN ] [detail] key not in API response RJ01398915 available: RJ01381546, RJ1381546, RJ01385348
2026-07-23T23:24:26.532Z [WARN ] [detail] key not in API response RJ01398600 available: RJ01381546, RJ1381546, RJ01385348
2026-07-23T23:24:26.533Z [WARN ] [detail] key not in API response RJ01396428 available: RJ01381546, RJ1381546, RJ01385348
2026-07-23T23:24:26.533Z [WARN ] [parser] no usable price field at all RJ01395735 {"price":null,"official_price":null}
2026-07-23T23:24:26.537Z [WARN ] [detail] key not in API response RJ01399521 available: RJ01381546, RJ1381546, RJ01385348
2026-07-23T23:24:26.537Z [WARN ] [detail] key not in API response RJ01399453 available: RJ01381546, RJ1381546, RJ01385348
2026-07-23T23:24:26.539Z [WARN ] [detail] key not in API response RJ01398867 available: RJ01381546, RJ1381546, RJ01385348
2026-07-23T23:24:26.539Z [WARN ] [detail] key not in API response RJ01398856 available: RJ01381546, RJ1381546, RJ01385348
2026-07-23T23:24:26.539Z [WARN ] [detail] key not in API response RJ01398800 available: RJ01381546, RJ1381546, RJ01385348
2026-07-23T23:24:26.540Z [WARN ] [detail] key not in API response RJ01398756 available: RJ01381546, RJ1381546, RJ01385348
2026-07-23T23:24:26.540Z [WARN ] [detail] key not in API response RJ01398753 available: RJ01381546, RJ1381546, RJ01385348
2026-07-23T23:24:26.541Z [WARN ] [detail] key not in API response RJ01398747 available: RJ01381546, RJ1381546, RJ01385348
2026-07-23T23:24:26.541Z [WARN ] [detail] key not in API response RJ01398738 available: RJ01381546, RJ1381546, RJ01385348
2026-07-23T23:24:26.541Z [WARN ] [detail] key not in API response RJ01398733 available: RJ01381546, RJ1381546, RJ01385348
2026-07-23T23:24:26.542Z [WARN ] [detail] key not in API response RJ01398705 available: RJ01381546, RJ1381546, RJ01385348
2026-07-23T23:24:27.678Z [WARN ] [detail] API returned partial data maniax got 3 / requested 8
2026-07-23T23:24:27.679Z [WARN ] [detail] key not in API response RJ01398679 available: RJ01331804, RJ1331804, RJ01398686
2026-07-23T23:24:27.680Z [WARN ] [detail] key not in API response RJ01398664 available: RJ01331804, RJ1331804, RJ01398686
2026-07-23T23:24:27.680Z [WARN ] [detail] key not in API response RJ01398562 available: RJ01331804, RJ1331804, RJ01398686
2026-07-23T23:24:27.680Z [WARN ] [detail] key not in API response RJ01341065 available: RJ01331804, RJ1331804, RJ01398686
2026-07-23T23:24:27.681Z [WARN ] [detail] key not in API response RJ01394264 available: RJ01331804, RJ1331804, RJ01398686
2026-07-23T23:24:27.736Z [INFO ] [detail] due batch: 500 (total so far: 10000 ) concurrency=4
2026-07-23T23:24:29.201Z [INFO ] [detail] price changed {"rj":"RJ01391720","price":1320,"sale_price":1056,"point":null,"discount_rate":20,"is_on_sale":1,"is_point_only":0}
2026-07-23T23:24:29.379Z [WARN ] [detail] API returned partial data maniax got 23 / requested 50
2026-07-23T23:24:29.381Z [WARN ] [detail] key not in API response RJ01397692 available: RJ01395685, RJ1395685, RJ01396749
2026-07-23T23:24:29.382Z [WARN ] [detail] key not in API response RJ01397660 available: RJ01395685, RJ1395685, RJ01396749
2026-07-23T23:24:29.383Z [WARN ] [detail] key not in API response RJ01397652 available: RJ01395685, RJ1395685, RJ01396749
2026-07-23T23:24:29.383Z [WARN ] [detail] key not in API response RJ01397631 available: RJ01395685, RJ1395685, RJ01396749
2026-07-23T23:24:29.383Z [WARN ] [detail] key not in API response RJ01397626 available: RJ01395685, RJ1395685, RJ01396749
2026-07-23T23:24:29.384Z [WARN ] [detail] key not in API response RJ01397621 available: RJ01395685, RJ1395685, RJ01396749
2026-07-23T23:24:29.384Z [WARN ] [detail] key not in API response RJ01397612 available: RJ01395685, RJ1395685, RJ01396749
2026-07-23T23:24:29.384Z [WARN ] [detail] key not in API response RJ01397533 available: RJ01395685, RJ1395685, RJ01396749
2026-07-23T23:24:29.384Z [WARN ] [detail] key not in API response RJ01397520 available: RJ01395685, RJ1395685, RJ01396749
2026-07-23T23:24:29.385Z [WARN ] [detail] key not in API response RJ01397496 available: RJ01395685, RJ1395685, RJ01396749
2026-07-23T23:24:29.385Z [WARN ] [detail] key not in API response RJ01396787 available: RJ01395685, RJ1395685, RJ01396749
2026-07-23T23:24:29.387Z [WARN ] [detail] key not in API response RJ01396684 available: RJ01395685, RJ1395685, RJ01396749
2026-07-23T23:24:29.387Z [WARN ] [detail] key not in API response RJ01395955 available: RJ01395685, RJ1395685, RJ01396749
2026-07-23T23:24:29.387Z [WARN ] [detail] key not in API response RJ01395777 available: RJ01395685, RJ1395685, RJ01396749
2026-07-23T23:24:29.388Z [WARN ] [detail] key not in API response RJ01376303 available: RJ01395685, RJ1395685, RJ01396749
2026-07-23T23:24:29.388Z [WARN ] [detail] key not in API response RJ01372835 available: RJ01395685, RJ1395685, RJ01396749
2026-07-23T23:24:29.389Z [WARN ] [detail] key not in API response RJ01397848 available: RJ01395685, RJ1395685, RJ01396749
2026-07-23T23:24:29.389Z [WARN ] [detail] key not in API response RJ01397581 available: RJ01395685, RJ1395685, RJ01396749
2026-07-23T23:24:29.390Z [WARN ] [detail] key not in API response RJ01397526 available: RJ01395685, RJ1395685, RJ01396749
2026-07-23T23:24:29.390Z [WARN ] [detail] key not in API response RJ01397522 available: RJ01395685, RJ1395685, RJ01396749
2026-07-23T23:24:29.390Z [WARN ] [detail] key not in API response RJ01397515 available: RJ01395685, RJ1395685, RJ01396749
2026-07-23T23:24:29.391Z [WARN ] [detail] key not in API response RJ01397507 available: RJ01395685, RJ1395685, RJ01396749
2026-07-23T23:24:29.391Z [WARN ] [detail] key not in API response RJ01397494 available: RJ01395685, RJ1395685, RJ01396749
2026-07-23T23:24:29.391Z [WARN ] [detail] key not in API response RJ01397361 available: RJ01395685, RJ1395685, RJ01396749
2026-07-23T23:24:29.392Z [WARN ] [detail] key not in API response RJ01397346 available: RJ01395685, RJ1395685, RJ01396749
2026-07-23T23:24:29.392Z [WARN ] [detail] key not in API response RJ01397303 available: RJ01395685, RJ1395685, RJ01396749
2026-07-23T23:24:29.392Z [WARN ] [detail] key not in API response RJ01397265 available: RJ01395685, RJ1395685, RJ01396749
2026-07-23T23:24:29.408Z [WARN ] [detail] API returned partial data maniax got 13 / requested 50
2026-07-23T23:24:29.410Z [WARN ] [detail] key not in API response RJ01398378 available: RJ01397762, RJ1397762, RJ01397862
2026-07-23T23:24:29.410Z [WARN ] [detail] key not in API response RJ01398355 available: RJ01397762, RJ1397762, RJ01397862
2026-07-23T23:24:29.413Z [WARN ] [detail] key not in API response RJ01398083 available: RJ01397762, RJ1397762, RJ01397862
2026-07-23T23:24:29.414Z [WARN ] [detail] key not in API response RJ01397980 available: RJ01397762, RJ1397762, RJ01397862
2026-07-23T23:24:29.414Z [WARN ] [detail] key not in API response RJ01397803 available: RJ01397762, RJ1397762, RJ01397862
2026-07-23T23:24:29.414Z [WARN ] [detail] key not in API response RJ01397434 available: RJ01397762, RJ1397762, RJ01397862
2026-07-23T23:24:29.415Z [WARN ] [detail] key not in API response RJ01397351 available: RJ01397762, RJ1397762, RJ01397862
2026-07-23T23:24:29.416Z [WARN ] [detail] key not in API response RJ01396804 available: RJ01397762, RJ1397762, RJ01397862
2026-07-23T23:24:29.416Z [WARN ] [detail] key not in API response RJ01396780 available: RJ01397762, RJ1397762, RJ01397862
2026-07-23T23:24:29.417Z [WARN ] [detail] key not in API response RJ01396775 available: RJ01397762, RJ1397762, RJ01397862
2026-07-23T23:24:29.417Z [WARN ] [detail] key not in API response RJ01396763 available: RJ01397762, RJ1397762, RJ01397862
2026-07-23T23:24:29.417Z [WARN ] [detail] key not in API response RJ01396760 available: RJ01397762, RJ1397762, RJ01397862
2026-07-23T23:24:29.418Z [WARN ] [detail] key not in API response RJ01394703 available: RJ01397762, RJ1397762, RJ01397862
2026-07-23T23:24:29.418Z [WARN ] [detail] key not in API response RJ01383400 available: RJ01397762, RJ1397762, RJ01397862
2026-07-23T23:24:29.418Z [WARN ] [detail] key not in API response RJ01380727 available: RJ01397762, RJ1397762, RJ01397862
2026-07-23T23:24:29.419Z [WARN ] [detail] key not in API response RJ01399354 available: RJ01397762, RJ1397762, RJ01397862
2026-07-23T23:24:29.421Z [WARN ] [detail] key not in API response RJ01399175 available: RJ01397762, RJ1397762, RJ01397862
2026-07-23T23:24:29.422Z [WARN ] [detail] key not in API response RJ01399152 available: RJ01397762, RJ1397762, RJ01397862
2026-07-23T23:24:29.423Z [WARN ] [detail] key not in API response RJ01399027 available: RJ01397762, RJ1397762, RJ01397862
2026-07-23T23:24:29.423Z [WARN ] [detail] key not in API response RJ01399008 available: RJ01397762, RJ1397762, RJ01397862
2026-07-23T23:24:29.423Z [WARN ] [detail] key not in API response RJ01399007 available: RJ01397762, RJ1397762, RJ01397862
2026-07-23T23:24:29.424Z [WARN ] [detail] key not in API response RJ01398876 available: RJ01397762, RJ1397762, RJ01397862
2026-07-23T23:24:29.424Z [WARN ] [detail] key not in API response RJ01398328 available: RJ01397762, RJ1397762, RJ01397862
2026-07-23T23:24:29.424Z [WARN ] [detail] key not in API response RJ01398230 available: RJ01397762, RJ1397762, RJ01397862
2026-07-23T23:24:29.425Z [WARN ] [detail] key not in API response RJ01398201 available: RJ01397762, RJ1397762, RJ01397862
2026-07-23T23:24:29.426Z [WARN ] [detail] key not in API response RJ01398169 available: RJ01397762, RJ1397762, RJ01397862
2026-07-23T23:24:29.426Z [WARN ] [detail] key not in API response RJ01398117 available: RJ01397762, RJ1397762, RJ01397862
2026-07-23T23:24:29.427Z [WARN ] [detail] key not in API response RJ01398107 available: RJ01397762, RJ1397762, RJ01397862
2026-07-23T23:24:29.427Z [WARN ] [detail] key not in API response RJ01398082 available: RJ01397762, RJ1397762, RJ01397862
2026-07-23T23:24:29.427Z [WARN ] [detail] key not in API response RJ01398073 available: RJ01397762, RJ1397762, RJ01397862
2026-07-23T23:24:29.430Z [WARN ] [detail] key not in API response RJ01397938 available: RJ01397762, RJ1397762, RJ01397862
2026-07-23T23:24:29.430Z [WARN ] [detail] key not in API response RJ01397918 available: RJ01397762, RJ1397762, RJ01397862
2026-07-23T23:24:29.430Z [WARN ] [detail] key not in API response RJ01397911 available: RJ01397762, RJ1397762, RJ01397862
2026-07-23T23:24:29.432Z [WARN ] [detail] key not in API response RJ01397856 available: RJ01397762, RJ1397762, RJ01397862
2026-07-23T23:24:29.432Z [WARN ] [detail] key not in API response RJ01397777 available: RJ01397762, RJ1397762, RJ01397862
2026-07-23T23:24:29.432Z [WARN ] [detail] key not in API response RJ01397768 available: RJ01397762, RJ1397762, RJ01397862
2026-07-23T23:24:29.433Z [WARN ] [detail] key not in API response RJ01397727 available: RJ01397762, RJ1397762, RJ01397862
2026-07-23T23:24:29.468Z [WARN ] [detail] key not in API response RJ01398903 available: RJ01396270, RJ1396270, RJ01396339
2026-07-23T23:24:29.469Z [WARN ] [detail] key not in API response RJ01398530 available: RJ01396270, RJ1396270, RJ01396339
2026-07-23T23:24:29.469Z [WARN ] [detail] key not in API response RJ01398521 available: RJ01396270, RJ1396270, RJ01396339
2026-07-23T23:24:29.469Z [WARN ] [detail] key not in API response RJ01398512 available: RJ01396270, RJ1396270, RJ01396339
2026-07-23T23:24:29.471Z [WARN ] [detail] key not in API response RJ01398446 available: RJ01396270, RJ1396270, RJ01396339
2026-07-23T23:24:29.472Z [WARN ] [detail] key not in API response RJ01398443 available: RJ01396270, RJ1396270, RJ01396339
2026-07-23T23:24:29.472Z [WARN ] [detail] key not in API response RJ01398438 available: RJ01396270, RJ1396270, RJ01396339
2026-07-23T23:24:29.472Z [WARN ] [detail] key not in API response RJ01398431 available: RJ01396270, RJ1396270, RJ01396339
2026-07-23T23:24:31.907Z [INFO ] [detail] due batch: 500 (total so far: 10500 ) concurrency=4
2026-07-23T23:24:36.845Z [INFO ] [discovery] done {"total":51,"maniax":0,"bl":0,"girls":0,"circle":51}
